{"code":20,"codeName":"IllegalOperation","errorLabelSet":{},"errorResponse":{"code":20,"codeName":"IllegalOperation","errmsg":"Transaction numbers are only allowed on a replica set member or mongos","ok":0},"level":"error","message":"Failed to initialize balances for user 699c15b039f187e94155191f: Transaction numbers are only allowed on a replica set member or mongos","ok":0,"service":"leave-management-api","stack":"MongoServerError: Transaction numbers are only allowed on a replica set member or mongos\n    at Connection.sendCommand (C:\\Users\\jishn\\OneDrive\\Desktop\\figma leave approval layout\\backend\\node_modules\\mongodb\\lib\\cmap\\connection.js:306:27)\n    at process.processTicksAndRejections (node:internal/process/task_queues:103:5)\n    at async Connection.command (C:\\Users\\jishn\\OneDrive\\Desktop\\figma leave approval layout\\backend\\node_modules\\mongodb\\lib\\cmap\\connection.js:334:26)\n    at async Server.command (C:\\Users\\jishn\\OneDrive\\Desktop\\figma leave approval layout\\backend\\node_modules\\mongodb\\lib\\sdam\\server.js:194:29)\n    at async tryOperation (C:\\Users\\jishn\\OneDrive\\Desktop\\figma leave approval layout\\backend\\node_modules\\mongodb\\lib\\operations\\execute_operation.js:213:32)\n    at async executeOperation (C:\\Users\\jishn\\OneDrive\\Desktop\\figma leave approval layout\\backend\\node_modules\\mongodb\\lib\\operations\\execute_operation.js:78:16)\n    at async FindCursor._initialize (C:\\Users\\jishn\\OneDrive\\Desktop\\figma leave approval layout\\backend\\node_modules\\mongodb\\lib\\cursor\\find_cursor.js:62:26)\n    at async FindCursor.cursorInit (C:\\Users\\jishn\\OneDrive\\Desktop\\figma leave approval layout\\backend\\node_modules\\mongodb\\lib\\cursor\\abstract_cursor.js:632:27)\n    at async FindCursor.fetchBatch (C:\\Users\\jishn\\OneDrive\\Desktop\\figma leave approval layout\\backend\\node_modules\\mongodb\\lib\\cursor\\abstract_cursor.js:666:13)\n    at async FindCursor.next (C:\\Users\\jishn\\OneDrive\\Desktop\\figma leave approval layout\\backend\\node_modules\\mongodb\\lib\\cursor\\abstract_cursor.js:342:17)","timestamp":"2026-02-23 14:24:08"}
{"level":"info","message":"Initialized CL balance for user hr@company.com: 12 days","service":"leave-management-api","timestamp":"2026-02-23 14:25:30"}
{"level":"info","message":"Initialized SL balance for user hr@company.com: 10 days","service":"leave-management-api","timestamp":"2026-02-23 14:25:30"}
{"level":"info","message":"Initialized EL balance for user hr@company.com: 16.5 days","service":"leave-management-api","timestamp":"2026-02-23 14:25:30"}
{"level":"info","message":"Initialized WFH balance for user hr@company.com: 44 days","service":"leave-management-api","timestamp":"2026-02-23 14:25:30"}
{"level":"info","message":"Leave balances initialized for user: hr@company.com","service":"leave-management-api","timestamp":"2026-02-23 14:25:30"}
{"level":"info","message":"Initialized CL balance for user john.manager@company.com: 12 days","service":"leave-management-api","timestamp":"2026-02-23 14:25:30"}
{"level":"info","message":"Initialized SL balance for user john.manager@company.com: 10 days","service":"leave-management-api","timestamp":"2026-02-23 14:25:30"}
{"level":"info","message":"Initialized EL balance for user john.manager@company.com: 16.5 days","service":"leave-management-api","timestamp":"2026-02-23 14:25:30"}
{"level":"info","message":"Initialized WFH balance for user john.manager@company.com: 44 days","service":"leave-management-api","timestamp":"2026-02-23 14:25:30"}
{"level":"info","message":"Leave balances initialized for user: john.manager@company.com","service":"leave-management-api","timestamp":"2026-02-23 14:25:30"}
{"level":"info","message":"Initialized CL balance for user sarah.manager@company.com: 12 days","service":"leave-management-api","timestamp":"2026-02-23 14:25:30"}
{"level":"info","message":"Initialized SL balance for user sarah.manager@company.com: 10 days","service":"leave-management-api","timestamp":"2026-02-23 14:25:30"}
{"level":"info","message":"Initialized EL balance for user sarah.manager@company.com: 16.5 days","service":"leave-management-api","timestamp":"2026-02-23 14:25:30"}
{"level":"info","message":"Initialized WFH balance for user sarah.manager@company.com: 44 days","service":"leave-management-api","timestamp":"2026-02-23 14:25:30"}
{"level":"info","message":"Leave balances initialized for user: sarah.manager@company.com","service":"leave-management-api","timestamp":"2026-02-23 14:25:30"}
{"level":"info","message":"Initialized CL balance for user alice@company.com: 12 days","service":"leave-management-api","timestamp":"2026-02-23 14:25:31"}
{"level":"info","message":"Initialized SL balance for user alice@company.com: 10 days","service":"leave-management-api","timestamp":"2026-02-23 14:25:31"}
{"level":"info","message":"Initialized EL balance for user alice@company.com: 16.5 days","service":"leave-management-api","timestamp":"2026-02-23 14:25:31"}
{"level":"info","message":"Initialized WFH balance for user alice@company.com: 44 days","service":"leave-management-api","timestamp":"2026-02-23 14:25:31"}
{"level":"info","message":"Leave balances initialized for user: alice@company.com","service":"leave-management-api","timestamp":"2026-02-23 14:25:31"}
{"level":"info","message":"Initialized CL balance for user bob@company.com: 12 days","service":"leave-management-api","timestamp":"2026-02-23 14:25:31"}
{"level":"info","message":"Initialized SL balance for user bob@company.com: 10 days","service":"leave-management-api","timestamp":"2026-02-23 14:25:31"}
{"level":"info","message":"Initialized WFH balance for user bob@company.com: 44 days","service":"leave-management-api","timestamp":"2026-02-23 14:25:31"}
{"level":"info","message":"Leave balances initialized for user: bob@company.com","service":"leave-management-api","timestamp":"2026-02-23 14:25:31"}
{"level":"info","message":"Initialized CL balance for user carol@company.com: 12 days","service":"leave-management-api","timestamp":"2026-02-23 14:25:31"}
{"level":"info","message":"Initialized SL balance for user carol@company.com: 10 days","service":"leave-management-api","timestamp":"2026-02-23 14:25:31"}
{"level":"info","message":"Initialized EL balance for user carol@company.com: 16.5 days","service":"leave-management-api","timestamp":"2026-02-23 14:25:31"}
{"level":"info","message":"Initialized WFH balance for user carol@company.com: 44 days","service":"leave-management-api","timestamp":"2026-02-23 14:25:31"}
{"level":"info","message":"Leave balances initialized for user: carol@company.com","service":"leave-management-api","timestamp":"2026-02-23 14:25:31"}
{"level":"info","message":"Initialized CL balance for user david@company.com: 12 days","service":"leave-management-api","timestamp":"2026-02-23 14:25:31"}
{"level":"info","message":"Initialized SL balance for user david@company.com: 10 days","service":"leave-management-api","timestamp":"2026-02-23 14:25:31"}
{"level":"info","message":"Initialized EL balance for user david@company.com: 16.5 days","service":"leave-management-api","timestamp":"2026-02-23 14:25:31"}
{"level":"info","message":"Initialized WFH balance for user david@company.com: 44 days","service":"leave-management-api","timestamp":"2026-02-23 14:25:31"}
{"level":"info","message":"Leave balances initialized for user: david@company.com","service":"leave-management-api","timestamp":"2026-02-23 14:25:31"}
